\BOOKMARK [0][-]{Doc-Start}{BONAFIDE CERTIFICATE}{}% 1
\BOOKMARK [0][-]{Doc-Start}{DECLARATION}{}% 2
\BOOKMARK [0][-]{Doc-Start}{CERTIFICATE FOR EXTERNAL PROJECT}{}% 3
\BOOKMARK [0][-]{chapter*.1}{ACKNOWLEDGEMENTS}{}% 4
\BOOKMARK [0][-]{chapter*.2}{ABSTRACT}{}% 5
\BOOKMARK [0][-]{chapter*.4}{LIST OF FIGURES}{}% 6
\BOOKMARK [0][-]{chapter*.5}{LIST OF TABLES}{}% 7
\BOOKMARK [0][-]{chapter*.6}{ABBREVIATIONS}{}% 8
\BOOKMARK [0][-]{chapter*.7}{NOTATIONS}{}% 9
\BOOKMARK [0][-]{chapter.1}{INTRODUCTION}{}% 10
\BOOKMARK [1][-]{section.1.1}{*****}{chapter.1}% 11
\BOOKMARK [1][-]{section.1.2}{*****}{chapter.1}% 12
\BOOKMARK [1][-]{section.1.3}{*****}{chapter.1}% 13
\BOOKMARK [1][-]{section.1.4}{*****}{chapter.1}% 14
\BOOKMARK [1][-]{section.1.5}{*****}{chapter.1}% 15
\BOOKMARK [1][-]{section.1.6}{Motivation}{chapter.1}% 16
\BOOKMARK [1][-]{section.1.7}{Package Options}{chapter.1}% 17
\BOOKMARK [1][-]{section.1.8}{Example Figures and tables}{chapter.1}% 18
\BOOKMARK [1][-]{section.1.9}{Bibliography with BIBTeX}{chapter.1}% 19
\BOOKMARK [1][-]{section.1.10}{Other useful LaTeX packages}{chapter.1}% 20
\BOOKMARK [0][-]{chapter.2}{OBJECTIVES}{}% 21
\BOOKMARK [0][-]{chapter.3}{EXPERIMENTAL WORK / METHODOLOGY}{}% 22
\BOOKMARK [1][-]{section.3.1}{*****}{chapter.3}% 23
\BOOKMARK [1][-]{section.3.2}{*****}{chapter.3}% 24
\BOOKMARK [1][-]{section.3.3}{*****}{chapter.3}% 25
\BOOKMARK [0][-]{chapter.4}{RESULTS \046 DISCUSSION}{}% 26
\BOOKMARK [1][-]{section.4.1}{*****}{chapter.4}% 27
\BOOKMARK [1][-]{section.4.2}{*****}{chapter.4}% 28
\BOOKMARK [1][-]{section.4.3}{*****}{chapter.4}% 29
\BOOKMARK [0][-]{chapter.5}{CONCLUSIONS AND FURTHER WORK}{}% 30
\BOOKMARK [0][-]{chapter.5}{REFERENCES}{}% 31
\BOOKMARK [0][-]{chapter*.11}{PUBLICATIONS}{}% 32
\BOOKMARK [0][-]{appendix.A}{FIRST SET DATA}{}% 33
\BOOKMARK [0][-]{appendix.B}{SECOND SET DATA}{}% 34
\BOOKMARK [0][-]{appendix*.12}{SIMILARITY CHECK REPORT}{}% 35
