\BOOKMARK [0][-]{Doc-Start}{\376\377\000B\000O\000N\000A\000F\000I\000D\000E\000\040\000C\000E\000R\000T\000I\000F\000I\000C\000A\000T\000E}{}% 1
\BOOKMARK [0][-]{Doc-Start}{\376\377\000D\000E\000C\000L\000A\000R\000A\000T\000I\000O\000N}{}% 2
\BOOKMARK [0][-]{Doc-Start}{\376\377\000C\000E\000R\000T\000I\000F\000I\000C\000A\000T\000E\000\040\000F\000O\000R\000\040\000E\000X\000T\000E\000R\000N\000A\000L\000\040\000P\000R\000O\000J\000E\000C\000T}{}% 3
\BOOKMARK [0][-]{chapter*.1}{\376\377\000A\000C\000K\000N\000O\000W\000L\000E\000D\000G\000E\000M\000E\000N\000T\000S}{}% 4
\BOOKMARK [0][-]{chapter*.2}{\376\377\000A\000B\000S\000T\000R\000A\000C\000T}{}% 5
\BOOKMARK [0][-]{chapter*.4}{\376\377\000L\000I\000S\000T\000\040\000O\000F\000\040\000F\000I\000G\000U\000R\000E\000S}{}% 6
\BOOKMARK [0][-]{chapter*.5}{\376\377\000L\000I\000S\000T\000\040\000O\000F\000\040\000T\000A\000B\000L\000E\000S}{}% 7
\BOOKMARK [0][-]{chapter*.6}{\376\377\000A\000B\000B\000R\000E\000V\000I\000A\000T\000I\000O\000N\000S}{}% 8
\BOOKMARK [0][-]{chapter*.7}{\376\377\000N\000O\000T\000A\000T\000I\000O\000N\000S}{}% 9
\BOOKMARK [0][-]{chapter.1}{\376\377\000I\000N\000T\000R\000O\000D\000U\000C\000T\000I\000O\000N}{}% 10
\BOOKMARK [1][-]{section.1.1}{\376\377\000M\000O\000T\000O\000I}{chapter.1}% 11
\BOOKMARK [1][-]{section.1.2}{\376\377\000*\000*\000*\000*\000*}{chapter.1}% 12
\BOOKMARK [1][-]{section.1.3}{\376\377\000*\000*\000*\000*\000*}{chapter.1}% 13
\BOOKMARK [1][-]{section.1.4}{\376\377\000*\000*\000*\000*\000*}{chapter.1}% 14
\BOOKMARK [1][-]{section.1.5}{\376\377\000*\000*\000*\000*\000*}{chapter.1}% 15
\BOOKMARK [1][-]{section.1.6}{\376\377\000M\000o\000t\000i\000v\000a\000t\000i\000o\000n}{chapter.1}% 16
\BOOKMARK [1][-]{section.1.7}{\376\377\000P\000a\000c\000k\000a\000g\000e\000\040\000O\000p\000t\000i\000o\000n\000s}{chapter.1}% 17
\BOOKMARK [1][-]{section.1.8}{\376\377\000E\000x\000a\000m\000p\000l\000e\000\040\000F\000i\000g\000u\000r\000e\000s\000\040\000a\000n\000d\000\040\000t\000a\000b\000l\000e\000s}{chapter.1}% 18
\BOOKMARK [1][-]{section.1.9}{\376\377\000B\000i\000b\000l\000i\000o\000g\000r\000a\000p\000h\000y\000\040\000w\000i\000t\000h\000\040\000B\000I\000B\000T\000e\000X}{chapter.1}% 19
\BOOKMARK [1][-]{section.1.10}{\376\377\000O\000t\000h\000e\000r\000\040\000u\000s\000e\000f\000u\000l\000\040\000L\000a\000T\000e\000X\000\040\000p\000a\000c\000k\000a\000g\000e\000s}{chapter.1}% 20
\BOOKMARK [0][-]{chapter.2}{\376\377\000O\000B\000J\000E\000C\000T\000I\000V\000E\000S}{}% 21
\BOOKMARK [0][-]{chapter.3}{\376\377\000E\000X\000P\000E\000R\000I\000M\000E\000N\000T\000A\000L\000\040\000W\000O\000R\000K\000\040\000/\000\040\000M\000E\000T\000H\000O\000D\000O\000L\000O\000G\000Y}{}% 22
\BOOKMARK [1][-]{section.3.1}{\376\377\000*\000*\000*\000*\000*}{chapter.3}% 23
\BOOKMARK [1][-]{section.3.2}{\376\377\000*\000*\000*\000*\000*}{chapter.3}% 24
\BOOKMARK [1][-]{section.3.3}{\376\377\000*\000*\000*\000*\000*}{chapter.3}% 25
\BOOKMARK [0][-]{chapter.4}{\376\377\000R\000E\000S\000U\000L\000T\000S\000\040\000\046\000\040\000D\000I\000S\000C\000U\000S\000S\000I\000O\000N}{}% 26
\BOOKMARK [1][-]{section.4.1}{\376\377\000*\000*\000*\000*\000*}{chapter.4}% 27
\BOOKMARK [1][-]{section.4.2}{\376\377\000*\000*\000*\000*\000*}{chapter.4}% 28
\BOOKMARK [1][-]{section.4.3}{\376\377\000*\000*\000*\000*\000*}{chapter.4}% 29
\BOOKMARK [0][-]{chapter.5}{\376\377\000C\000O\000N\000C\000L\000U\000S\000I\000O\000N\000S\000\040\000A\000N\000D\000\040\000F\000U\000R\000T\000H\000E\000R\000\040\000W\000O\000R\000K}{}% 30
\BOOKMARK [0][-]{chapter.5}{\376\377\000R\000E\000F\000E\000R\000E\000N\000C\000E\000S}{}% 31
\BOOKMARK [0][-]{chapter*.11}{\376\377\000P\000U\000B\000L\000I\000C\000A\000T\000I\000O\000N\000S}{}% 32
\BOOKMARK [0][-]{appendix.A}{\376\377\000F\000I\000R\000S\000T\000\040\000S\000E\000T\000\040\000D\000A\000T\000A}{}% 33
\BOOKMARK [0][-]{appendix.B}{\376\377\000S\000E\000C\000O\000N\000D\000\040\000S\000E\000T\000\040\000D\000A\000T\000A}{}% 34
\BOOKMARK [0][-]{appendix*.12}{\376\377\000S\000I\000M\000I\000L\000A\000R\000I\000T\000Y\000\040\000C\000H\000E\000C\000K\000\040\000R\000E\000P\000O\000R\000T}{}% 35
