\BOOKMARK [0][-]{Doc-Start}{\376\377\000B\000O\000N\000A\000F\000I\000D\000E\000\040\000C\000E\000R\000T\000I\000F\000I\000C\000A\000T\000E}{}% 1
\BOOKMARK [0][-]{Doc-Start}{\376\377\000D\000E\000C\000L\000A\000R\000A\000T\000I\000O\000N}{}% 2
\BOOKMARK [0][-]{chapter*.1}{\376\377\000A\000C\000K\000N\000O\000W\000L\000E\000D\000G\000E\000M\000E\000N\000T\000S}{}% 3
\BOOKMARK [0][-]{chapter*.2}{\376\377\000A\000B\000S\000T\000R\000A\000C\000T}{}% 4
\BOOKMARK [0][-]{chapter*.4}{\376\377\000L\000I\000S\000T\000\040\000O\000F\000\040\000F\000I\000G\000U\000R\000E\000S}{}% 5
\BOOKMARK [0][-]{chapter*.5}{\376\377\000L\000I\000S\000T\000\040\000O\000F\000\040\000T\000A\000B\000L\000E\000S}{}% 6
\BOOKMARK [0][-]{chapter*.6}{\376\377\000N\000O\000T\000A\000T\000I\000O\000N\000S}{}% 7
\BOOKMARK [0][-]{chapter.1}{\376\377\000I\000N\000T\000R\000O\000D\000U\000C\000T\000I\000O\000N}{}% 8
\BOOKMARK [0][-]{chapter.2}{\376\377\000L\000I\000T\000E\000R\000A\000T\000U\000R\000E\000\040\000S\000U\000R\000V\000E\000Y}{}% 9
\BOOKMARK [0][-]{chapter.3}{\376\377\000M\000E\000T\000H\000O\000D\000O\000L\000O\000G\000Y}{}% 10
\BOOKMARK [1][-]{section.3.1}{\376\377\000V\000e\000h\000i\000c\000l\000e\000\040\000C\000l\000a\000s\000s\000i\000f\000i\000c\000a\000t\000i\000o\000n}{chapter.3}% 11
\BOOKMARK [1][-]{section.3.2}{\376\377\000T\000r\000a\000v\000e\000l\000\040\000P\000a\000t\000t\000e\000r\000n\000\040\000E\000s\000t\000a\000b\000l\000i\000s\000h\000m\000e\000n\000t}{chapter.3}% 12
\BOOKMARK [1][-]{section.3.3}{\376\377\000C\000h\000a\000r\000g\000i\000n\000g\000/\000D\000i\000s\000c\000h\000a\000r\000g\000i\000n\000g\000\040\000p\000a\000t\000t\000e\000r\000n\000\040\000E\000s\000t\000a\000b\000l\000i\000s\000h\000m\000e\000n\000t}{chapter.3}% 13
\BOOKMARK [1][-]{section.3.4}{\376\377\000F\000l\000o\000w\000c\000h\000a\000r\000t}{chapter.3}% 14
\BOOKMARK [1][-]{section.3.5}{\376\377\000R\000e\000a\000l\000\040\000T\000i\000m\000e\000\040\000P\000r\000i\000c\000e}{chapter.3}% 15
\BOOKMARK [0][-]{chapter.4}{\376\377\000M\000a\000t\000h\000e\000m\000a\000t\000i\000c\000a\000l\000\040\000M\000o\000d\000e\000l\000l\000i\000n\000g}{}% 16
\BOOKMARK [1][-]{section.4.1}{\376\377\000S\000o\000C\000\040\000C\000a\000l\000c\000u\000l\000a\000t\000i\000o\000n}{chapter.4}% 17
\BOOKMARK [1][-]{section.4.2}{\376\377\000B\000e\000s\000t\000\040\000P\000a\000t\000t\000e\000r\000n\000\040\000f\000o\000r\000\040\000c\000h\000a\000r\000g\000i\000n\000g}{chapter.4}% 18
\BOOKMARK [1][-]{section.4.3}{\376\377\000M\000a\000x\000i\000m\000u\000m\000\040\000P\000o\000w\000e\000r\000\040\000r\000e\000q\000u\000i\000r\000e\000d\000\040\000b\000y\000\040\000E\000V}{chapter.4}% 19
\BOOKMARK [0][-]{chapter.5}{\376\377\000R\000E\000S\000U\000L\000T\000S\000\040\000\046\000\040\000D\000I\000S\000C\000U\000S\000S\000I\000O\000N}{}% 20
\BOOKMARK [1][-]{section.5.1}{\376\377\000T\000a\000b\000u\000l\000a\000t\000i\000o\000n\000s}{chapter.5}% 21
\BOOKMARK [1][-]{section.5.2}{\376\377\000C\000h\000a\000r\000g\000i\000n\000g\000\040\000P\000a\000t\000t\000e\000r\000n\000s}{chapter.5}% 22
\BOOKMARK [1][-]{section.5.3}{\376\377\000V\000o\000l\000t\000a\000g\000e\000\040\000M\000a\000g\000n\000i\000t\000u\000d\000e\000\040\000G\000r\000a\000p\000h\000s\000\040\000f\000o\000r\000\040\000D\000i\000f\000f\000e\000r\000e\000n\000t\000\040\000S\000c\000e\000n\000a\000r\000i\000o\000s}{chapter.5}% 23
\BOOKMARK [0][-]{chapter.6}{\376\377\000C\000O\000N\000C\000L\000U\000S\000I\000O\000N\000S\000\040\000A\000N\000D\000\040\000F\000U\000R\000T\000H\000E\000R\000\040\000W\000O\000R\000K}{}% 24
\BOOKMARK [0][-]{chapter.6}{\376\377\000R\000E\000F\000E\000R\000E\000N\000C\000E\000S}{}% 25
\BOOKMARK [0][-]{appendix.A}{\376\377\000I\000E\000E\000E\000\040\0003\0003\000\040\000B\000U\000S\000\040\000S\000Y\000S\000T\000E\000M}{}% 26
\BOOKMARK [0][-]{appendix.B}{\376\377\000I\000E\000E\000E\000\040\0006\0009\000\040\000B\000U\000S\000\040\000S\000Y\000S\000T\000E\000M}{}% 27
